(84, 33):1
(44, 6):1
(87, 26):1
(22, 39):1
(88, 34):1
(91, 27):1
(47, 28):1
(1, 29):1
(96, 20):1
(48, 72):1
(13, 41):1
(50, 28):1
(25, 65):1
(51, 31):1
(51, 36):1
(2, 30):1
(26, 54):1
(54, 20):1
(55, 31):1
(28, 37):1
(15, 77):1
(30, 81):1
(61, 36):1
(62, 8):1
(16, 39):1
(32, 79):1
(66, 10):1
(33, 69):1
(66, 72):1
(34, 79):1
(71, 75):1
(73, 74):1
(76, 39):1
(42, 63):2
(21, 69):2
(43, 55):2
(22, 78):2
(87, 62):2
(44, 38):2
(87, 76):2
(88, 57):2
(45, 27):2
(90, 64):2
(47, 16):2
(94, 68):2
(95, 13):2
(100, 76):2
(55, 59):2
(58, 32):2
(17, 21):2
(34, 71):2
(68, 35):2
(71, 10):2
(36, 38):2
(37, 83):2
(45, 78):3
(23, 75):3
(46, 75):3
(47, 51):3
(95, 71):3
(24, 71):3
(95, 100):3
(98, 19):3
(50, 35):3
(14, 66):3
(7, 37):3
(57, 21):3
(4, 73):3
(42, 77):4
(86, 66):4
(86, 97):4
(88, 12):4
(44, 73):4
(45, 70):4
(92, 65):4
(93, 15):4
(96, 77):4
(98, 17):4
(99, 61):4
(99, 82):4
(29, 83):4
(30, 33):4
(31, 67):4
(32, 40):4
(65, 3):4
(11, 91):5
(88, 53):5
(95, 49):5
(49, 65):5
(56, 76):5
(89, 61):6
(95, 52):6
(100, 9):6
(59, 5):6
(85, 17):7
(22, 60):7
(50, 80):7
(8, 64):7
(34, 18):8
Total Cost: 269